<?xml version="1.0" encoding="UTF-8"?>
<testsuite name="com.nvisium.androidnv.api.AndroidNvApiApplicationTests" tests="1" skipped="0" failures="0" errors="0" timestamp="2015-08-21T20:25:32" hostname="Cyruss-MacBook-Air.local" time="0.004">
  <properties/>
  <testcase name="contextLoads" classname="com.nvisium.androidnv.api.AndroidNvApiApplicationTests" time="0.004"/>
  <system-out><![CDATA[16:25:24.046 [Test worker] DEBUG o.s.t.c.j.SpringJUnit4ClassRunner - SpringJUnit4ClassRunner constructor called with [class com.nvisium.androidnv.api.AndroidNvApiApplicationTests].
16:25:24.057 [Test worker] DEBUG o.s.test.context.BootstrapUtils - Instantiating TestContextBootstrapper from class [org.springframework.test.context.web.WebTestContextBootstrapper]
16:25:24.076 [Test worker] DEBUG o.s.t.c.w.WebTestContextBootstrapper - Found explicit ContextLoader class [org.springframework.boot.test.SpringApplicationContextLoader] for context configuration attributes [ContextConfigurationAttributes@640c02f2 declaringClass = 'com.nvisium.androidnv.api.AndroidNvApiApplicationTests', classes = '{class com.nvisium.androidnv.api.AndroidNvApiApplication}', locations = '{}', inheritLocations = true, initializers = '{}', inheritInitializers = true, name = [null], contextLoaderClass = 'org.springframework.boot.test.SpringApplicationContextLoader']
16:25:24.082 [Test worker] DEBUG o.s.t.c.support.ActiveProfilesUtils - Could not find an 'annotation declaring class' for annotation type [org.springframework.test.context.ActiveProfiles] and class [com.nvisium.androidnv.api.AndroidNvApiApplicationTests]
16:25:24.089 [Test worker] DEBUG o.s.t.c.w.WebTestContextBootstrapper - @TestExecutionListeners is not present for class [com.nvisium.androidnv.api.AndroidNvApiApplicationTests]: using defaults.
16:25:24.098 [Test worker] INFO  o.s.t.c.w.WebTestContextBootstrapper - Loaded default TestExecutionListener class names from location [META-INF/spring.factories]: [org.springframework.test.context.web.ServletTestExecutionListener, org.springframework.test.context.support.DependencyInjectionTestExecutionListener, org.springframework.test.context.support.DirtiesContextTestExecutionListener, org.springframework.test.context.transaction.TransactionalTestExecutionListener, org.springframework.test.context.jdbc.SqlScriptsTestExecutionListener]
16:25:24.128 [Test worker] INFO  o.s.t.c.w.WebTestContextBootstrapper - Using TestExecutionListeners: [org.springframework.test.context.web.ServletTestExecutionListener@6e3d1894, org.springframework.test.context.support.DependencyInjectionTestExecutionListener@5af243c9, org.springframework.test.context.support.DirtiesContextTestExecutionListener@4ac8c0cd, org.springframework.test.context.transaction.TransactionalTestExecutionListener@ea256d2, org.springframework.test.context.jdbc.SqlScriptsTestExecutionListener@8dd162a]
16:25:24.132 [Test worker] DEBUG o.s.t.annotation.ProfileValueUtils - Retrieved @ProfileValueSourceConfiguration [null] for test class [com.nvisium.androidnv.api.AndroidNvApiApplicationTests]
16:25:24.133 [Test worker] DEBUG o.s.t.annotation.ProfileValueUtils - Retrieved ProfileValueSource type [class org.springframework.test.annotation.SystemProfileValueSource] for class [com.nvisium.androidnv.api.AndroidNvApiApplicationTests]
16:25:24.139 [Test worker] DEBUG o.s.t.annotation.ProfileValueUtils - Retrieved @ProfileValueSourceConfiguration [null] for test class [com.nvisium.androidnv.api.AndroidNvApiApplicationTests]
16:25:24.139 [Test worker] DEBUG o.s.t.annotation.ProfileValueUtils - Retrieved ProfileValueSource type [class org.springframework.test.annotation.SystemProfileValueSource] for class [com.nvisium.androidnv.api.AndroidNvApiApplicationTests]
16:25:24.142 [Test worker] DEBUG o.s.t.annotation.ProfileValueUtils - Retrieved @ProfileValueSourceConfiguration [null] for test class [com.nvisium.androidnv.api.AndroidNvApiApplicationTests]
16:25:24.142 [Test worker] DEBUG o.s.t.annotation.ProfileValueUtils - Retrieved ProfileValueSource type [class org.springframework.test.annotation.SystemProfileValueSource] for class [com.nvisium.androidnv.api.AndroidNvApiApplicationTests]
16:25:24.145 [Test worker] DEBUG o.s.t.annotation.ProfileValueUtils - Retrieved @ProfileValueSourceConfiguration [null] for test class [com.nvisium.androidnv.api.AndroidNvApiApplicationTests]
16:25:24.146 [Test worker] DEBUG o.s.t.annotation.ProfileValueUtils - Retrieved ProfileValueSource type [class org.springframework.test.annotation.SystemProfileValueSource] for class [com.nvisium.androidnv.api.AndroidNvApiApplicationTests]
16:25:24.249 [Test worker] DEBUG o.s.core.env.StandardEnvironment - Adding [systemProperties] PropertySource with lowest search precedence
16:25:24.252 [Test worker] DEBUG o.s.core.env.StandardEnvironment - Adding [systemEnvironment] PropertySource with lowest search precedence
16:25:24.252 [Test worker] DEBUG o.s.core.env.StandardEnvironment - Initialized StandardEnvironment with PropertySources [systemProperties,systemEnvironment]
16:25:24.254 [Test worker] DEBUG o.s.core.env.StandardEnvironment - Adding [integrationTest] PropertySource with search precedence immediately lower than [systemEnvironment]

  .   ____          _            __ _ _
 /\\ / ___'_ __ _ _(_)_ __  __ _ \ \ \ \
( ( )\___ | '_ | '_| | '_ \/ _` | \ \ \ \
 \\/  ___)| |_)| | | | | || (_| |  ) ) ) )
  '  |____| .__|_| |_|_| |_\__, | / / / /
 =========|_|==============|___/=/_/_/_/
 :: Spring Boot ::        (v1.2.4.RELEASE)

2015-08-21 16:25:24.531  INFO 43390 --- [    Test worker] c.n.a.api.AndroidNvApiApplicationTests   : Starting AndroidNvApiApplicationTests on Cyruss-MacBook-Air.local with PID 43390 (/Users/cyrusmalekpour/Documents/nVisium/api.nv/build/classes/test started by cyrusmalekpour in /Users/cyrusmalekpour/Documents/nVisium/api.nv)
2015-08-21 16:25:24.615  INFO 43390 --- [    Test worker] o.s.w.c.s.GenericWebApplicationContext   : Refreshing org.springframework.web.context.support.GenericWebApplicationContext@62cb592c: startup date [Fri Aug 21 16:25:24 EDT 2015]; root of context hierarchy
2015-08-21 16:25:25.420  INFO 43390 --- [    Test worker] o.s.b.f.s.DefaultListableBeanFactory     : Overriding bean definition for bean 'requestMappingHandlerAdapter': replacing [Root bean: class [null]; scope=; abstract=false; lazyInit=false; autowireMode=3; dependencyCheck=0; autowireCandidate=true; primary=false; factoryBeanName=org.springframework.web.servlet.config.annotation.DelegatingWebMvcConfiguration; factoryMethodName=requestMappingHandlerAdapter; initMethodName=null; destroyMethodName=(inferred); defined in class path resource [org/springframework/web/servlet/config/annotation/DelegatingWebMvcConfiguration.class]] with [Root bean: class [null]; scope=; abstract=false; lazyInit=false; autowireMode=3; dependencyCheck=0; autowireCandidate=true; primary=false; factoryBeanName=org.springframework.boot.autoconfigure.web.WebMvcAutoConfiguration$EnableWebMvcConfiguration; factoryMethodName=requestMappingHandlerAdapter; initMethodName=null; destroyMethodName=(inferred); defined in class path resource [org/springframework/boot/autoconfigure/web/WebMvcAutoConfiguration$EnableWebMvcConfiguration.class]]
2015-08-21 16:25:25.421  INFO 43390 --- [    Test worker] o.s.b.f.s.DefaultListableBeanFactory     : Overriding bean definition for bean 'requestMappingHandlerMapping': replacing [Root bean: class [null]; scope=; abstract=false; lazyInit=false; autowireMode=3; dependencyCheck=0; autowireCandidate=true; primary=false; factoryBeanName=org.springframework.web.servlet.config.annotation.DelegatingWebMvcConfiguration; factoryMethodName=requestMappingHandlerMapping; initMethodName=null; destroyMethodName=(inferred); defined in class path resource [org/springframework/web/servlet/config/annotation/DelegatingWebMvcConfiguration.class]] with [Root bean: class [null]; scope=; abstract=false; lazyInit=false; autowireMode=3; dependencyCheck=0; autowireCandidate=true; primary=true; factoryBeanName=org.springframework.boot.autoconfigure.web.WebMvcAutoConfiguration$EnableWebMvcConfiguration; factoryMethodName=requestMappingHandlerMapping; initMethodName=null; destroyMethodName=(inferred); defined in class path resource [org/springframework/boot/autoconfigure/web/WebMvcAutoConfiguration$EnableWebMvcConfiguration.class]]
2015-08-21 16:25:26.256  INFO 43390 --- [    Test worker] trationDelegate$BeanPostProcessorChecker : Bean 'org.springframework.scheduling.annotation.SchedulingConfiguration' of type [class org.springframework.scheduling.annotation.SchedulingConfiguration$$EnhancerBySpringCGLIB$$da20b238] is not eligible for getting processed by all BeanPostProcessors (for example: not eligible for auto-proxying)
2015-08-21 16:25:26.399  INFO 43390 --- [    Test worker] trationDelegate$BeanPostProcessorChecker : Bean 'org.springframework.transaction.annotation.ProxyTransactionManagementConfiguration' of type [class org.springframework.transaction.annotation.ProxyTransactionManagementConfiguration$$EnhancerBySpringCGLIB$$69cb2f1d] is not eligible for getting processed by all BeanPostProcessors (for example: not eligible for auto-proxying)
2015-08-21 16:25:26.434  INFO 43390 --- [    Test worker] trationDelegate$BeanPostProcessorChecker : Bean 'transactionAttributeSource' of type [class org.springframework.transaction.annotation.AnnotationTransactionAttributeSource] is not eligible for getting processed by all BeanPostProcessors (for example: not eligible for auto-proxying)
2015-08-21 16:25:26.449  INFO 43390 --- [    Test worker] trationDelegate$BeanPostProcessorChecker : Bean 'transactionInterceptor' of type [class org.springframework.transaction.interceptor.TransactionInterceptor] is not eligible for getting processed by all BeanPostProcessors (for example: not eligible for auto-proxying)
2015-08-21 16:25:26.474  INFO 43390 --- [    Test worker] trationDelegate$BeanPostProcessorChecker : Bean 'org.springframework.transaction.config.internalTransactionAdvisor' of type [class org.springframework.transaction.interceptor.BeanFactoryTransactionAttributeSourceAdvisor] is not eligible for getting processed by all BeanPostProcessors (for example: not eligible for auto-proxying)
2015-08-21 16:25:27.450  INFO 43390 --- [    Test worker] j.LocalContainerEntityManagerFactoryBean : Building JPA container EntityManagerFactory for persistence unit 'default'
2015-08-21 16:25:27.487  INFO 43390 --- [    Test worker] o.hibernate.jpa.internal.util.LogHelper  : HHH000204: Processing PersistenceUnitInfo [
	name: default
	...]
2015-08-21 16:25:27.618  INFO 43390 --- [    Test worker] org.hibernate.Version                    : HHH000412: Hibernate Core {4.3.10.Final}
2015-08-21 16:25:27.620  INFO 43390 --- [    Test worker] org.hibernate.cfg.Environment            : HHH000206: hibernate.properties not found
2015-08-21 16:25:27.623  INFO 43390 --- [    Test worker] org.hibernate.cfg.Environment            : HHH000021: Bytecode provider name : javassist
2015-08-21 16:25:27.873  INFO 43390 --- [    Test worker] o.hibernate.annotations.common.Version   : HCANN000001: Hibernate Commons Annotations {4.0.5.Final}
2015-08-21 16:25:27.983  INFO 43390 --- [    Test worker] org.hibernate.dialect.Dialect            : HHH000400: Using dialect: org.hibernate.dialect.H2Dialect
2015-08-21 16:25:28.174  INFO 43390 --- [    Test worker] o.h.h.i.ast.ASTQueryTranslatorFactory    : HHH000397: Using ASTQueryTranslatorFactory
2015-08-21 16:25:28.684  INFO 43390 --- [    Test worker] org.hibernate.tool.hbm2ddl.SchemaExport  : HHH000227: Running hbm2ddl schema export
2015-08-21 16:25:28.716  INFO 43390 --- [    Test worker] org.hibernate.tool.hbm2ddl.SchemaExport  : HHH000230: Schema export complete
2015-08-21 16:25:31.135  INFO 43390 --- [    Test worker] s.w.s.m.m.a.RequestMappingHandlerMapping : Mapped "{[/],methods=[GET],params=[],headers=[],consumes=[],produces=[],custom=[]}" onto public java.lang.String com.nvisium.androidnv.api.controller.DashboardController.listReceivedPayments()
2015-08-21 16:25:31.136  INFO 43390 --- [    Test worker] s.w.s.m.m.a.RequestMappingHandlerMapping : Mapped "{[/dashboard],methods=[GET],params=[],headers=[],consumes=[],produces=[],custom=[]}" onto public java.lang.String com.nvisium.androidnv.api.controller.DashboardController.dashboard(org.springframework.ui.Model)
2015-08-21 16:25:31.139  INFO 43390 --- [    Test worker] s.w.s.m.m.a.RequestMappingHandlerMapping : Mapped "{[/event/add],methods=[GET || POST],params=[],headers=[],consumes=[],produces=[],custom=[]}" onto public java.lang.String com.nvisium.androidnv.api.controller.EventController.add(java.lang.String,java.math.BigDecimal,java.util.LinkedList<java.lang.Long>,org.springframework.web.servlet.mvc.support.RedirectAttributes,com.nvisium.androidnv.api.model.User,org.springframework.ui.Model)
2015-08-21 16:25:31.140  INFO 43390 --- [    Test worker] s.w.s.m.m.a.RequestMappingHandlerMapping : Mapped "{[/event/delete/{id}],methods=[GET],params=[],headers=[],consumes=[],produces=[],custom=[]}" onto public java.lang.String com.nvisium.androidnv.api.controller.EventController.delete(java.lang.Long)
2015-08-21 16:25:31.141  INFO 43390 --- [    Test worker] s.w.s.m.m.a.RequestMappingHandlerMapping : Mapped "{[/event/list-owner/{user}],methods=[GET],params=[],headers=[],consumes=[],produces=[],custom=[]}" onto public java.lang.String com.nvisium.androidnv.api.controller.EventController.listEventsOwned(java.lang.Long,org.springframework.ui.Model)
2015-08-21 16:25:31.141  INFO 43390 --- [    Test worker] s.w.s.m.m.a.RequestMappingHandlerMapping : Mapped "{[/event/list-member/{user}],methods=[GET],params=[],headers=[],consumes=[],produces=[],custom=[]}" onto public java.lang.String com.nvisium.androidnv.api.controller.EventController.listEventMembership(java.lang.Long,org.springframework.ui.Model)
2015-08-21 16:25:31.141  INFO 43390 --- [    Test worker] s.w.s.m.m.a.RequestMappingHandlerMapping : Mapped "{[/event/add-member],methods=[GET || POST],params=[],headers=[],consumes=[],produces=[],custom=[]}" onto public java.lang.String com.nvisium.androidnv.api.controller.EventController.addMember(java.lang.Long,java.lang.Long,java.math.BigDecimal,org.springframework.web.servlet.mvc.support.RedirectAttributes,org.springframework.ui.Model)
2015-08-21 16:25:31.144  INFO 43390 --- [    Test worker] s.w.s.m.m.a.RequestMappingHandlerMapping : Mapped "{[/event/delete-member/{eventId}/{userId}],methods=[GET],params=[],headers=[],consumes=[],produces=[],custom=[]}" onto public java.lang.String com.nvisium.androidnv.api.controller.EventController.removeMember(java.lang.Long,java.lang.Long)
2015-08-21 16:25:31.146  INFO 43390 --- [    Test worker] s.w.s.m.m.a.RequestMappingHandlerMapping : Mapped "{[/event/update/{id}/{owner}/{name}/{amount}/{hidden}],methods=[GET],params=[],headers=[],consumes=[],produces=[],custom=[]}" onto public java.lang.String com.nvisium.androidnv.api.controller.EventController.updateEvent(java.lang.Long,java.lang.Long,java.lang.String,java.math.BigDecimal,java.lang.Boolean)
2015-08-21 16:25:31.149  INFO 43390 --- [    Test worker] s.w.s.m.m.a.RequestMappingHandlerMapping : Mapped "{[/friend/delete-friend-request/{id}],methods=[GET],params=[],headers=[],consumes=[],produces=[],custom=[]}" onto public java.lang.String com.nvisium.androidnv.api.controller.FriendController.delete(java.lang.Long)
2015-08-21 16:25:31.150  INFO 43390 --- [    Test worker] s.w.s.m.m.a.RequestMappingHandlerMapping : Mapped "{[/friend/accept-friend-request/{id}],methods=[POST],params=[],headers=[],consumes=[],produces=[],custom=[]}" onto public java.lang.String com.nvisium.androidnv.api.controller.FriendController.accept(java.lang.Long,org.springframework.ui.Model)
2015-08-21 16:25:31.150  INFO 43390 --- [    Test worker] s.w.s.m.m.a.RequestMappingHandlerMapping : Mapped "{[/friend/send-friend-request],methods=[POST],params=[],headers=[],consumes=[],produces=[],custom=[]}" onto public java.lang.String com.nvisium.androidnv.api.controller.FriendController.send(java.lang.Long,org.springframework.ui.Model)
2015-08-21 16:25:31.151  INFO 43390 --- [    Test worker] s.w.s.m.m.a.RequestMappingHandlerMapping : Mapped "{[/friend/delete-friend],methods=[GET || POST],params=[],headers=[],consumes=[],produces=[],custom=[]}" onto public java.lang.String com.nvisium.androidnv.api.controller.FriendController.deleteFriend(long,org.springframework.ui.Model)
2015-08-21 16:25:31.151  INFO 43390 --- [    Test worker] s.w.s.m.m.a.RequestMappingHandlerMapping : Mapped "{[/friend/get-friends],methods=[GET],params=[],headers=[],consumes=[],produces=[],custom=[]}" onto public java.lang.String com.nvisium.androidnv.api.controller.FriendController.listFriends(org.springframework.ui.Model)
2015-08-21 16:25:31.152  INFO 43390 --- [    Test worker] s.w.s.m.m.a.RequestMappingHandlerMapping : Mapped "{[/friend/list-sent-friend-requests],methods=[GET],params=[],headers=[],consumes=[],produces=[],custom=[]}" onto public java.lang.String com.nvisium.androidnv.api.controller.FriendController.listSentFriendRequests(org.springframework.ui.Model)
2015-08-21 16:25:31.157  INFO 43390 --- [    Test worker] s.w.s.m.m.a.RequestMappingHandlerMapping : Mapped "{[/friend/list-received-friend-requests],methods=[GET],params=[],headers=[],consumes=[],produces=[],custom=[]}" onto public java.lang.String com.nvisium.androidnv.api.controller.FriendController.listReceivedFriendRequests(org.springframework.ui.Model)
2015-08-21 16:25:31.158  INFO 43390 --- [    Test worker] s.w.s.m.m.a.RequestMappingHandlerMapping : Mapped "{[/payment/list-received/{id}],methods=[GET],params=[],headers=[],consumes=[],produces=[],custom=[]}" onto public java.lang.String com.nvisium.androidnv.api.controller.PaymentController.listReceivedPayments(java.lang.Long,org.springframework.ui.Model)
2015-08-21 16:25:31.159  INFO 43390 --- [    Test worker] s.w.s.m.m.a.RequestMappingHandlerMapping : Mapped "{[/payment/list-sent/{id}],methods=[GET],params=[],headers=[],consumes=[],produces=[],custom=[]}" onto public java.lang.String com.nvisium.androidnv.api.controller.PaymentController.listSentPayments(java.lang.Long,org.springframework.ui.Model)
2015-08-21 16:25:31.160  INFO 43390 --- [    Test worker] s.w.s.m.m.a.RequestMappingHandlerMapping : Mapped "{[/payment/make-payment],methods=[POST],params=[],headers=[],consumes=[],produces=[],custom=[]}" onto public java.lang.String com.nvisium.androidnv.api.controller.PaymentController.makePayment(java.lang.Long,java.lang.Long,java.math.BigDecimal,org.springframework.web.servlet.mvc.support.RedirectAttributes)
2015-08-21 16:25:31.166  INFO 43390 --- [    Test worker] s.w.s.m.m.a.RequestMappingHandlerMapping : Mapped "{[/register],methods=[GET || POST],params=[],headers=[],consumes=[],produces=[],custom=[]}" onto public org.springframework.web.servlet.ModelAndView com.nvisium.androidnv.api.controller.UserController.register(java.lang.String,java.lang.String,java.lang.String,java.lang.String,java.lang.String,org.springframework.ui.Model,org.springframework.web.servlet.mvc.support.RedirectAttributes)
2015-08-21 16:25:31.168  INFO 43390 --- [    Test worker] s.w.s.m.m.a.RequestMappingHandlerMapping : Mapped "{[/login],methods=[GET],params=[],headers=[],consumes=[],produces=[],custom=[]}" onto public org.springframework.web.servlet.ModelAndView com.nvisium.androidnv.api.controller.UserController.login()
2015-08-21 16:25:31.168  INFO 43390 --- [    Test worker] s.w.s.m.m.a.RequestMappingHandlerMapping : Mapped "{[/get-public-users],methods=[GET],params=[],headers=[],consumes=[],produces=[],custom=[]}" onto public java.lang.String com.nvisium.androidnv.api.controller.UserController.getPublicUsers(org.springframework.ui.Model)
2015-08-21 16:25:31.169  INFO 43390 --- [    Test worker] s.w.s.m.m.a.RequestMappingHandlerMapping : Mapped "{[/update-password/{oldPassword}/{newPassword}],methods=[GET],params=[],headers=[],consumes=[],produces=[],custom=[]}" onto public java.lang.String com.nvisium.androidnv.api.controller.UserController.updatePassword(java.lang.String,java.lang.String,org.springframework.web.servlet.mvc.support.RedirectAttributes)
2015-08-21 16:25:31.169  INFO 43390 --- [    Test worker] s.w.s.m.m.a.RequestMappingHandlerMapping : Mapped "{[/get-settings],methods=[GET],params=[],headers=[],consumes=[],produces=[],custom=[]}" onto public java.lang.String com.nvisium.androidnv.api.controller.UserController.getSettings(com.nvisium.androidnv.api.model.User)
2015-08-21 16:25:31.169  INFO 43390 --- [    Test worker] s.w.s.m.m.a.RequestMappingHandlerMapping : Mapped "{[/update-settings],methods=[GET],params=[],headers=[],consumes=[],produces=[],custom=[]}" onto public java.lang.String com.nvisium.androidnv.api.controller.UserController.updateSettings(com.nvisium.androidnv.api.model.User)
2015-08-21 16:25:31.184  INFO 43390 --- [    Test worker] s.w.s.m.m.a.RequestMappingHandlerMapping : Mapped "{[/error],methods=[],params=[],headers=[],consumes=[],produces=[],custom=[]}" onto public org.springframework.http.ResponseEntity<java.util.Map<java.lang.String, java.lang.Object>> org.springframework.boot.autoconfigure.web.BasicErrorController.error(javax.servlet.http.HttpServletRequest)
2015-08-21 16:25:31.186  INFO 43390 --- [    Test worker] s.w.s.m.m.a.RequestMappingHandlerMapping : Mapped "{[/error],methods=[],params=[],headers=[],consumes=[],produces=[text/html],custom=[]}" onto public org.springframework.web.servlet.ModelAndView org.springframework.boot.autoconfigure.web.BasicErrorController.errorHtml(javax.servlet.http.HttpServletRequest)
2015-08-21 16:25:31.231  INFO 43390 --- [    Test worker] o.s.w.s.handler.SimpleUrlHandlerMapping  : Mapped URL path [/webjars/**] onto handler of type [class org.springframework.web.servlet.resource.ResourceHttpRequestHandler]
2015-08-21 16:25:31.231  INFO 43390 --- [    Test worker] o.s.w.s.handler.SimpleUrlHandlerMapping  : Mapped URL path [/**] onto handler of type [class org.springframework.web.servlet.resource.ResourceHttpRequestHandler]
2015-08-21 16:25:31.286  INFO 43390 --- [    Test worker] s.w.s.m.m.a.RequestMappingHandlerAdapter : Looking for @ControllerAdvice: org.springframework.web.context.support.GenericWebApplicationContext@62cb592c: startup date [Fri Aug 21 16:25:24 EDT 2015]; root of context hierarchy
2015-08-21 16:25:31.388  INFO 43390 --- [    Test worker] o.s.w.s.handler.SimpleUrlHandlerMapping  : Mapped URL path [/**/favicon.ico] onto handler of type [class org.springframework.web.servlet.resource.ResourceHttpRequestHandler]
2015-08-21 16:25:31.687  INFO 43390 --- [    Test worker] o.s.s.web.DefaultSecurityFilterChain     : Creating filter chain: org.springframework.security.web.util.matcher.AnyRequestMatcher@1, [org.springframework.security.web.context.request.async.WebAsyncManagerIntegrationFilter@4a1e697f, org.springframework.security.web.context.SecurityContextPersistenceFilter@3db97d65, org.springframework.security.web.header.HeaderWriterFilter@40b2ff66, org.springframework.security.web.authentication.logout.LogoutFilter@79e30fc0, org.springframework.security.web.authentication.UsernamePasswordAuthenticationFilter@651fad7f, org.springframework.security.web.savedrequest.RequestCacheAwareFilter@352e9b9d, org.springframework.security.web.servletapi.SecurityContextHolderAwareRequestFilter@68d26fc, org.springframework.security.web.authentication.AnonymousAuthenticationFilter@210b9508, org.springframework.security.web.session.SessionManagementFilter@59c7e1b, org.springframework.security.web.access.ExceptionTranslationFilter@1048bbe6, org.springframework.security.web.access.intercept.FilterSecurityInterceptor@501dd18]
2015-08-21 16:25:32.835  INFO 43390 --- [    Test worker] b.a.s.AuthenticationManagerConfiguration : 

Using default security password: fd1dd5e9-a161-4742-a4e5-f2c0251261dc

2015-08-21 16:25:32.870  INFO 43390 --- [    Test worker] o.s.c.support.DefaultLifecycleProcessor  : Starting beans in phase 2147483647
2015-08-21 16:25:32.896  INFO 43390 --- [    Test worker] c.n.a.api.AndroidNvApiApplicationTests   : Started AndroidNvApiApplicationTests in 8.609 seconds (JVM running for 9.932)
]]></system-out>
  <system-err><![CDATA[]]></system-err>
</testsuite>
